<?xml version="1.0" encoding="utf-8"?><testsuites name="pytest tests"><testsuite name="pytest" errors="0" failures="6" skipped="0" tests="23" time="3.694" timestamp="2026-04-03T04:03:05.330694+00:00" hostname="agent-env-6bf175af-f84f-42f4-a725-2c948330429e"><testcase classname="backend.tests.test_accounting_api.TestHealth" name="test_health" time="0.195" /><testcase classname="backend.tests.test_accounting_api.TestAuth" name="test_login_admin" time="0.363" /><testcase classname="backend.tests.test_accounting_api.TestAuth" name="test_login_accountant" time="0.335" /><testcase classname="backend.tests.test_accounting_api.TestAuth" name="test_login_invalid" time="0.137" /><testcase classname="backend.tests.test_accounting_api.TestAuth" name="test_get_me" time="0.462" /><testcase classname="backend.tests.test_accounting_api.TestDashboard" name="test_dashboard_kpis" time="0.139" /><testcase classname="backend.tests.test_accounting_api.TestTransactions" name="test_list_transactions" time="0.102"><failure message="AssertionError: Expected 24+ transactions, got 20&#10;assert 20 &gt;= 24&#10; +  where 20 = len([{'account_code': '5030', 'account_name': 'Utilities', 'amount': 1200.0, 'category': 'Utilities', ...}, {'account_code': '5020', 'account_name': 'Rent Expense', 'amount': 50000.0, 'category': 'Rent Expense', ...}, {'account_code': '5010', 'account_name': 'Salary Expense', 'amount': 250000.0, 'category': 'Salary Expense', ...}, {'account_code': '4010', 'account_name': 'Sales Revenue', 'amount': 180000.0, 'category': 'Sales Revenue', ...}, {'account_code': '5060', 'account_name': 'GST/Tax Expense', 'amount': 52000.0, 'category': 'GST/Tax Payment', ...}, {'account_code': '4030', 'account_name': 'Other Income', 'amount': 5000.0, 'category': 'Other Income', ...}, ...])">backend/tests/test_accounting_api.py:83: in test_list_transactions
    assert len(items) &gt;= 24, f"Expected 24+ transactions, got {len(items)}"
E   AssertionError: Expected 24+ transactions, got 20
E   assert 20 &gt;= 24
E    +  where 20 = len([{'account_code': '5030', 'account_name': 'Utilities', 'amount': 1200.0, 'category': 'Utilities', ...}, {'account_code': '5020', 'account_name': 'Rent Expense', 'amount': 50000.0, 'category': 'Rent Expense', ...}, {'account_code': '5010', 'account_name': 'Salary Expense', 'amount': 250000.0, 'category': 'Salary Expense', ...}, {'account_code': '4010', 'account_name': 'Sales Revenue', 'amount': 180000.0, 'category': 'Sales Revenue', ...}, {'account_code': '5060', 'account_name': 'GST/Tax Expense', 'amount': 52000.0, 'category': 'GST/Tax Payment', ...}, {'account_code': '4030', 'account_name': 'Other Income', 'amount': 5000.0, 'category': 'Other Income', ...}, ...])</failure></testcase><testcase classname="backend.tests.test_accounting_api.TestTransactions" name="test_ai_classify" time="0.101"><failure message="assert 404 in [200, 201]&#10; +  where 404 = &lt;Response [404]&gt;.status_code">backend/tests/test_accounting_api.py:88: in test_ai_classify
    assert resp.status_code in [200, 201]
E   assert 404 in [200, 201]
E    +  where 404 = &lt;Response [404]&gt;.status_code</failure></testcase><testcase classname="backend.tests.test_accounting_api.TestTransactions" name="test_create_transaction" time="0.098"><failure message="assert 405 in [200, 201]&#10; +  where 405 = &lt;Response [405]&gt;.status_code">backend/tests/test_accounting_api.py:99: in test_create_transaction
    assert resp.status_code in [200, 201]
E   assert 405 in [200, 201]
E    +  where 405 = &lt;Response [405]&gt;.status_code</failure></testcase><testcase classname="backend.tests.test_accounting_api.TestJournals" name="test_list_journals" time="0.109" /><testcase classname="backend.tests.test_accounting_api.TestJournals" name="test_create_journal_balanced" time="0.095" /><testcase classname="backend.tests.test_accounting_api.TestJournals" name="test_create_journal_unbalanced" time="0.118" /><testcase classname="backend.tests.test_accounting_api.TestAssets" name="test_list_assets" time="0.122" /><testcase classname="backend.tests.test_accounting_api.TestAssets" name="test_create_asset" time="0.104" /><testcase classname="backend.tests.test_accounting_api.TestReconciliation" name="test_list_bank_transactions" time="0.111"><failure message="assert 404 == 200&#10; +  where 404 = &lt;Response [404]&gt;.status_code">backend/tests/test_accounting_api.py:173: in test_list_bank_transactions
    assert resp.status_code == 200
E   assert 404 == 200
E    +  where 404 = &lt;Response [404]&gt;.status_code</failure></testcase><testcase classname="backend.tests.test_accounting_api.TestReconciliation" name="test_auto_match" time="0.111" /><testcase classname="backend.tests.test_accounting_api.TestReports" name="test_trial_balance" time="0.107" /><testcase classname="backend.tests.test_accounting_api.TestReports" name="test_profit_loss" time="0.139" /><testcase classname="backend.tests.test_accounting_api.TestReports" name="test_balance_sheet" time="0.099" /><testcase classname="backend.tests.test_accounting_api.TestSettings" name="test_get_company" time="0.098" /><testcase classname="backend.tests.test_accounting_api.TestSettings" name="test_list_users" time="0.119" /><testcase classname="backend.tests.test_accounting_api.TestSettings" name="test_chart_of_accounts" time="0.102"><failure message="assert 404 == 200&#10; +  where 404 = &lt;Response [404]&gt;.status_code">backend/tests/test_accounting_api.py:217: in test_chart_of_accounts
    assert resp.status_code == 200
E   assert 404 == 200
E    +  where 404 = &lt;Response [404]&gt;.status_code</failure></testcase><testcase classname="backend.tests.test_accounting_api.TestSettings" name="test_ledger" time="0.100"><failure message="assert 404 == 200&#10; +  where 404 = &lt;Response [404]&gt;.status_code">backend/tests/test_accounting_api.py:222: in test_ledger
    assert resp.status_code == 200
E   assert 404 == 200
E    +  where 404 = &lt;Response [404]&gt;.status_code</failure></testcase></testsuite></testsuites>