<?xml version="1.0" encoding="utf-8"?><testsuites name="pytest tests"><testsuite name="pytest" errors="0" failures="1" skipped="0" tests="21" time="9.692" timestamp="2026-04-03T04:52:03.872101+00:00" hostname="agent-env-6bf175af-f84f-42f4-a725-2c948330429e"><testcase classname="backend.tests.test_new_features.TestAuth" name="test_admin_login" time="0.351" /><testcase classname="backend.tests.test_new_features.TestAuth" name="test_accountant_login" time="0.328" /><testcase classname="backend.tests.test_new_features.TestClientsAPI" name="test_list_clients_admin" time="0.427" /><testcase classname="backend.tests.test_new_features.TestClientsAPI" name="test_list_clients_forbidden_for_accountant" time="0.425" /><testcase classname="backend.tests.test_new_features.TestClientsAPI" name="test_create_client" time="0.421" /><testcase classname="backend.tests.test_new_features.TestClientsAPI" name="test_create_and_get_client" time="0.649" /><testcase classname="backend.tests.test_new_features.TestClientsAPI" name="test_delete_default_client_blocked" time="0.413" /><testcase classname="backend.tests.test_new_features.TestGSTAPI" name="test_gstr1" time="0.436" /><testcase classname="backend.tests.test_new_features.TestGSTAPI" name="test_gstr1_per_transaction_gst_rate" time="0.425" /><testcase classname="backend.tests.test_new_features.TestGSTAPI" name="test_gstr3b" time="0.442" /><testcase classname="backend.tests.test_new_features.TestGSTAPI" name="test_gstr1_with_period" time="0.426" /><testcase classname="backend.tests.test_new_features.TestGSTAPI" name="test_gst_accountant_access" time="0.460" /><testcase classname="backend.tests.test_new_features.TestExportAPI" name="test_trial_balance_pdf" time="0.438" /><testcase classname="backend.tests.test_new_features.TestExportAPI" name="test_trial_balance_excel" time="0.415" /><testcase classname="backend.tests.test_new_features.TestExportAPI" name="test_profit_loss_pdf" time="0.429" /><testcase classname="backend.tests.test_new_features.TestExportAPI" name="test_profit_loss_excel" time="0.417" /><testcase classname="backend.tests.test_new_features.TestExportAPI" name="test_balance_sheet_pdf" time="0.445" /><testcase classname="backend.tests.test_new_features.TestExportAPI" name="test_gstr1_export_pdf" time="0.421"><failure message="assert 500 == 200&#10; +  where 500 = &lt;Response [500]&gt;.status_code">backend/tests/test_new_features.py:180: in test_gstr1_export_pdf
    assert r.status_code == 200
E   assert 500 == 200
E    +  where 500 = &lt;Response [500]&gt;.status_code</failure></testcase><testcase classname="backend.tests.test_new_features.TestExportAPI" name="test_gstr1_export_excel" time="0.416" /><testcase classname="backend.tests.test_new_features.TestXCompanyIDHeader" name="test_admin_can_switch_company" time="0.532" /><testcase classname="backend.tests.test_new_features.TestXCompanyIDHeader" name="test_accountant_cannot_switch_company" time="0.859" /></testsuite></testsuites>